<?xml version="1.0" encoding="UTF-8"?>
<!-- Generated by org.testng.reporters.JUnitXMLReporter -->
<testsuite ignored="0" hostname="Ashok" failures="0" tests="2" name="Naukri Test" time="143.835" errors="0" timestamp="2021-01-16T13:51:44 IST">
  <testcase classname="com.NA.Test.TC_NA_UpdateResume_1_1" name="Delete_Upload_Resume_From_xls" time="73.532"/>
  <testcase classname="com.NA.Test.TC_NA_EditProfile" name="Delete_Upload_ResumeHeadLine_ProfileSummary" time="67.899"/>
</testsuite> <!-- Naukri Test -->
