<?xml version="1.0" encoding="UTF-8"?>
<!-- Generated by org.testng.reporters.JUnitXMLReporter -->
<testsuite hostname="Ashok" ignored="0" name="Naukri Test" tests="2" failures="0" timestamp="2021-02-06T19:32:48 IST" time="130.863" errors="0">
  <testcase name="Delete_Upload_Resume_From_xls" time="65.327" classname="com.NA.Test.TC_NA_UpdateResume_1_1"/>
  <testcase name="Delete_Upload_ResumeHeadLine_ProfileSummary" time="63.159" classname="com.NA.Test.TC_NA_EditProfile"/>
</testsuite> <!-- Naukri Test -->
