<?xml version="1.0" encoding="UTF-8"?>
<testsuite xmlns:xsi="http://www.w3.org/2001/XMLSchema-instance" xsi:noNamespaceSchemaLocation="https://maven.apache.org/surefire/maven-surefire-plugin/xsd/surefire-test-report-3.0.xsd" version="3.0" name="TestSuite" time="79.186" tests="1" errors="0" skipped="0" failures="0">
  <properties>
[...]
</properties>
  <testcase name="Delete_Upload_Resume_From_xls" classname="com.NA.Test.TC_NA_UpdateResume_1_1" time="75.661">
    <system-out><![CDATA[TC_NA_UpdateResume_1_1
Initialization: step from class: com.NA.Test_Base.Base_NA: was success.
Step 1: Success
Jobs - Recruitment - Job Search - Employment -Job Vacancies - Naukri.com
CloseExtraWidnows: step from class: com.NA.App_Pages.LoginPage: was success.
Step 2: Success
Login: step from class: com.NA.App_Pages.LoginPage: was success.
Step 3: Success
navigate_To: step from class: com.NA.App_Pages.HomePage: was success.
Step 4: Success
deleteResume: step from class: com.NA.App_Pages.EditProfilePage: was success.
Step 5: Success
uploadResume: step from class: com.NA.App_Pages.EditProfilePage: was success.
Step 6: Success
navigateBacktoHome: step from class: com.NA.App_Pages.EditProfilePage: was success.
Step 7: Success
navigate_To: step from class: com.NA.App_Pages.HomePage: was success.
Step 8: Success
]]></system-out>
    <system-err><![CDATA[Starting ChromeDriver 86.0.4240.22 (398b0743353ff36fb1b82468f63a3a93b4e2e89e-refs/branch-heads/4240@{#378}) on port 39130
Only local connections are allowed.
Please see https://chromedriver.chromium.org/security-considerations for suggestions on keeping ChromeDriver safe.
ChromeDriver was started successfully.
[1610630834.177][WARNING]: This version of ChromeDriver has not been tested with Chrome version 87.
Jan 14, 2021 6:57:16 PM org.openqa.selenium.remote.ProtocolHandshake createSession
INFO: Detected dialect: W3C
]]></system-err>
  </testcase>
</testsuite>