<?xml version="1.0" encoding="UTF-8"?>
<testng-results ignored="0" total="2" passed="2" failed="0" skipped="0">
  <reporter-output>
  </reporter-output>
  <suite started-at="2021-01-16T13:49:21 IST" name="Suite" finished-at="2021-01-16T13:51:44 IST" duration-ms="143835">
    <groups>
    </groups>
    <test started-at="2021-01-16T13:49:21 IST" name="Naukri Test" finished-at="2021-01-16T13:51:44 IST" duration-ms="143835">
      <class name="com.NA.Test.TC_NA_UpdateResume_1_1">
        <test-method is-config="true" signature="setUp()[pri:0, instance:com.NA.Test.TC_NA_UpdateResume_1_1@11c9af63]" started-at="2021-01-16T13:49:21 IST" name="setUp" finished-at="2021-01-16T13:49:21 IST" duration-ms="512" status="PASS">
          <reporter-output>
          </reporter-output>
        </test-method> <!-- setUp -->
        <test-method signature="Delete_Upload_Resume_From_xls()[pri:0, instance:com.NA.Test.TC_NA_UpdateResume_1_1@11c9af63]" started-at="2021-01-16T13:49:21 IST" name="Delete_Upload_Resume_From_xls" finished-at="2021-01-16T13:50:35 IST" duration-ms="73532" status="PASS">
          <reporter-output>
          </reporter-output>
        </test-method> <!-- Delete_Upload_Resume_From_xls -->
        <test-method is-config="true" signature="tearDown(org.testng.ITestResult)[pri:0, instance:com.NA.Test.TC_NA_UpdateResume_1_1@11c9af63]" started-at="2021-01-16T13:50:35 IST" name="tearDown" finished-at="2021-01-16T13:50:35 IST" duration-ms="850" status="PASS">
          <params>
            <param index="0">
              <value>
                <![CDATA[[TestResult name=Delete_Upload_Resume_From_xls status=SUCCESS method=TC_NA_UpdateResume_1_1.Delete_Upload_Resume_From_xls()[pri:0, instance:com.NA.Test.TC_NA_UpdateResume_1_1@11c9af63] output={null}]]]>
              </value>
            </param>
          </params>
          <reporter-output>
          </reporter-output>
        </test-method> <!-- tearDown -->
      </class> <!-- com.NA.Test.TC_NA_UpdateResume_1_1 -->
      <class name="com.NA.Test.TC_NA_EditProfile">
        <test-method is-config="true" signature="setUp()[pri:0, instance:com.NA.Test.TC_NA_EditProfile@757acd7b]" started-at="2021-01-16T13:50:35 IST" name="setUp" finished-at="2021-01-16T13:50:36 IST" duration-ms="113" status="PASS">
          <reporter-output>
          </reporter-output>
        </test-method> <!-- setUp -->
        <test-method signature="Delete_Upload_ResumeHeadLine_ProfileSummary()[pri:0, instance:com.NA.Test.TC_NA_EditProfile@757acd7b]" started-at="2021-01-16T13:50:36 IST" name="Delete_Upload_ResumeHeadLine_ProfileSummary" finished-at="2021-01-16T13:51:43 IST" duration-ms="67899" status="PASS">
          <reporter-output>
          </reporter-output>
        </test-method> <!-- Delete_Upload_ResumeHeadLine_ProfileSummary -->
        <test-method is-config="true" signature="tearDown(org.testng.ITestResult)[pri:0, instance:com.NA.Test.TC_NA_EditProfile@757acd7b]" started-at="2021-01-16T13:51:43 IST" name="tearDown" finished-at="2021-01-16T13:51:44 IST" duration-ms="890" status="PASS">
          <params>
            <param index="0">
              <value>
                <![CDATA[[TestResult name=Delete_Upload_ResumeHeadLine_ProfileSummary status=SUCCESS method=TC_NA_EditProfile.Delete_Upload_ResumeHeadLine_ProfileSummary()[pri:0, instance:com.NA.Test.TC_NA_EditProfile@757acd7b] output={null}]]]>
              </value>
            </param>
          </params>
          <reporter-output>
          </reporter-output>
        </test-method> <!-- tearDown -->
      </class> <!-- com.NA.Test.TC_NA_EditProfile -->
    </test> <!-- Naukri Test -->
  </suite> <!-- Suite -->
</testng-results>
