<?xml version="1.0" encoding="UTF-8"?>
<testsuite xmlns:xsi="http://www.w3.org/2001/XMLSchema-instance" xsi:noNamespaceSchemaLocation="https://maven.apache.org/surefire/maven-surefire-plugin/xsd/surefire-test-report-3.0.xsd" version="3.0" name="TestSuite" time="144.762" tests="2" errors="0" skipped="0" failures="0">
  <properties>
[...]
</properties>
  <testcase name="Delete_Upload_Resume_From_xls" classname="com.NA.Test.TC_NA_UpdateResume_1_1" time="73.6">
    <system-out><![CDATA[TC_NA_UpdateResume_1_1
Initialization: step from class: com.NA.Test_Base.Base_NA: was success.
Step 1: Success
Jobs - Recruitment - Job Search - Employment -Job Vacancies - Naukri.com
CloseExtraWidnows: step from class: com.NA.App_Pages.LoginPage: was success.
Step 2: Success
Login: step from class: com.NA.App_Pages.LoginPage: was success.
Step 3: Success
navigate_To: step from class: com.NA.App_Pages.HomePage: was success.
Step 4: Success
deleteResume: step from class: com.NA.App_Pages.EditProfilePage: was success.
Step 5: Success
uploadResume: step from class: com.NA.App_Pages.EditProfilePage: was success.
Step 6: Success
navigateBacktoHome: step from class: com.NA.App_Pages.EditProfilePage: was success.
Step 7: Success
navigate_To: step from class: com.NA.App_Pages.HomePage: was success.
Step 8: Success
]]></system-out>
    <system-err><![CDATA[SLF4J: Failed to load class "org.slf4j.impl.StaticLoggerBinder".
SLF4J: Defaulting to no-operation (NOP) logger implementation
SLF4J: See http://www.slf4j.org/codes.html#StaticLoggerBinder for further details.
Starting ChromeDriver 87.0.4280.88 (89e2380a3e36c3464b5dd1302349b1382549290d-refs/branch-heads/4280@{#1761}) on port 14695
Only local connections are allowed.
Please see https://chromedriver.chromium.org/security-considerations for suggestions on keeping ChromeDriver safe.
ChromeDriver was started successfully.
Jan 16, 2021 1:49:25 PM org.openqa.selenium.remote.ProtocolHandshake createSession
INFO: Detected dialect: W3C
]]></system-err>
  </testcase>
  <testcase name="Delete_Upload_ResumeHeadLine_ProfileSummary" classname="com.NA.Test.TC_NA_EditProfile" time="67.971">
    <system-out><![CDATA[TC_NA_EditProfile
Initialization: step from class: com.NA.Test_Base.Base_NA: was success.
Step 1: Success
Jobs - Recruitment - Job Search - Employment -Job Vacancies - Naukri.com
CloseExtraWidnows: step from class: com.NA.App_Pages.LoginPage: was success.
Step 2: Success
Login: step from class: com.NA.App_Pages.LoginPage: was success.
Step 3: Success
navigate_To: step from class: com.NA.App_Pages.HomePage: was success.
Step 4: Success
editResume_HeadLine: step from class: com.NA.App_Pages.EditProfilePage: was success.
Step 5: Success
edit_ProfileSummary: step from class: com.NA.App_Pages.EditProfilePage$: was success.
Step 6: Success
navigateBacktoHome: step from class: com.NA.App_Pages.EditProfilePage: was success.
Step 7: Success
navigate_To: step from class: com.NA.App_Pages.HomePage: was success.
Step 8: Success
]]></system-out>
    <system-err><![CDATA[Starting ChromeDriver 87.0.4280.88 (89e2380a3e36c3464b5dd1302349b1382549290d-refs/branch-heads/4280@{#1761}) on port 12517
Only local connections are allowed.
Please see https://chromedriver.chromium.org/security-considerations for suggestions on keeping ChromeDriver safe.
ChromeDriver was started successfully.
Jan 16, 2021 1:50:39 PM org.openqa.selenium.remote.ProtocolHandshake createSession
INFO: Detected dialect: W3C
]]></system-err>
  </testcase>
</testsuite>